11:47:19.567 [main] INFO  tests.RemoveRewardPointsTest.openRewards(RemoveRewardPointsTest.java:14)oggger - Starting test: openRewards
11:47:25.730 [main] INFO  tests.RemoveRewardPointsTest.openRewards(RemoveRewardPointsTest.java:22)oggger - Finished test: openRewards
11:47:25.737 [main] INFO  tests.RemoveRewardPointsTest.searchRetailer(RemoveRewardPointsTest.java:27)oggger - Starting test: searchRetailer
11:47:29.453 [main] INFO  tests.RemoveRewardPointsTest.searchRetailer(RemoveRewardPointsTest.java:38)oggger - Finished test: searchRetailer
11:47:29.456 [main] INFO  tests.RemoveRewardPointsTest.removeRewardPoints(RemoveRewardPointsTest.java:43)oggger - Starting test: removeRewardPoints
11:47:35.925 [main] INFO  tests.RemoveRewardPointsTest.removeRewardPoints(RemoveRewardPointsTest.java:63)oggger - Finished test: removeRewardPoints
11:47:35.928 [main] INFO  tests.RemoveRewardPointsTest.validateConfirmationMessage(RemoveRewardPointsTest.java:68)oggger - Starting test: validateConfirmationMessage
11:47:36.188 [main] INFO  tests.RemoveRewardPointsTest.validateConfirmationMessage(RemoveRewardPointsTest.java:73)oggger - Finished test: validateConfirmationMessage
11:49:10.271 [main] INFO  tests.RemoveRewardPointsTest.openRewards(RemoveRewardPointsTest.java:14)oggger - Starting test: openRewards
11:49:16.506 [main] DEBUG tests.RemoveRewardPointsTest.openRewards(RemoveRewardPointsTest.java:17)oggger - Clicked on 'Retailers'
11:49:16.589 [main] DEBUG tests.RemoveRewardPointsTest.openRewards(RemoveRewardPointsTest.java:20)oggger - Clicked on 'Rewards'
11:49:16.589 [main] INFO  tests.RemoveRewardPointsTest.openRewards(RemoveRewardPointsTest.java:22)oggger - Finished test: openRewards
11:49:16.594 [main] INFO  tests.RemoveRewardPointsTest.searchRetailer(RemoveRewardPointsTest.java:27)oggger - Starting test: searchRetailer
11:49:16.677 [main] DEBUG tests.RemoveRewardPointsTest.searchRetailer(RemoveRewardPointsTest.java:30)oggger - Entered retailer number
11:49:16.727 [main] DEBUG tests.RemoveRewardPointsTest.searchRetailer(RemoveRewardPointsTest.java:33)oggger - Searched for retailer
11:49:21.830 [main] DEBUG tests.RemoveRewardPointsTest.searchRetailer(RemoveRewardPointsTest.java:36)oggger - Clicked on 'Edit Retailer'
11:49:21.830 [main] INFO  tests.RemoveRewardPointsTest.searchRetailer(RemoveRewardPointsTest.java:38)oggger - Finished test: searchRetailer
11:49:21.833 [main] INFO  tests.RemoveRewardPointsTest.removeRewardPoints(RemoveRewardPointsTest.java:43)oggger - Starting test: removeRewardPoints
11:49:21.899 [main] DEBUG tests.RemoveRewardPointsTest.removeRewardPoints(RemoveRewardPointsTest.java:46)oggger - Selected 'Remove Points'
11:49:21.945 [main] DEBUG tests.RemoveRewardPointsTest.removeRewardPoints(RemoveRewardPointsTest.java:49)oggger - Opened reason dropdown
11:49:22.000 [main] DEBUG tests.RemoveRewardPointsTest.removeRewardPoints(RemoveRewardPointsTest.java:52)oggger - Selected reason for point removal
11:49:22.060 [main] DEBUG tests.RemoveRewardPointsTest.removeRewardPoints(RemoveRewardPointsTest.java:55)oggger - Entered points value
11:49:22.126 [main] DEBUG tests.RemoveRewardPointsTest.removeRewardPoints(RemoveRewardPointsTest.java:58)oggger - Clicked on 'Confirm'
11:49:26.842 [main] DEBUG tests.RemoveRewardPointsTest.removeRewardPoints(RemoveRewardPointsTest.java:61)oggger - Confirmed removal with 'Yes'
11:49:26.842 [main] INFO  tests.RemoveRewardPointsTest.removeRewardPoints(RemoveRewardPointsTest.java:63)oggger - Finished test: removeRewardPoints
11:49:26.843 [main] INFO  tests.RemoveRewardPointsTest.validateConfirmationMessage(RemoveRewardPointsTest.java:68)oggger - Starting test: validateConfirmationMessage
11:49:27.143 [main] DEBUG tests.RemoveRewardPointsTest.validateConfirmationMessage(RemoveRewardPointsTest.java:71)oggger - Validated confirmation popup message
11:49:27.143 [main] INFO  tests.RemoveRewardPointsTest.validateConfirmationMessage(RemoveRewardPointsTest.java:73)oggger - Finished test: validateConfirmationMessage
